<?xml version="1.0" encoding="UTF-8"?>
<!-- Generated by org.testng.reporters.JUnitReportReporter -->
<testsuite skipped="0" hostname="DESKTOP-O5O1VBS" name="Testrunner.runner" tests="1" failures="0" timestamp="13 Feb 2020 04:35:11 GMT" time="14.430" errors="0">
  <testcase name="feature" time="14.430" classname="Testrunner.runner"/>
</testsuite> <!-- Testrunner.runner -->
